<?xml version="1.0" encoding="UTF-8"?>
<testsuite name="dev.conner.doa.MeetingDoaTests" tests="3" skipped="0" failures="0" errors="0" timestamp="2022-08-28T17:15:42" hostname="CLARA" time="0.987">
  <properties/>
  <testcase name="create_meeting_test()" classname="dev.conner.doa.MeetingDoaTests" time="0.198"/>
  <testcase name="update_meeting_test()" classname="dev.conner.doa.MeetingDoaTests" time="0.2"/>
  <testcase name="get_all_meetings_test()" classname="dev.conner.doa.MeetingDoaTests" time="0.589"/>
  <system-out><![CDATA[]]></system-out>
  <system-err><![CDATA[]]></system-err>
</testsuite>
